Determining if the pthread_create exist failed with the following output:
Change Dir: /home/exm/workspace/bugs/build/CMakeFiles/CMakeTmp

Run Build Command:/usr/bin/make "cmTryCompileExec2428627845/fast"
make[1]: Entering directory `/home/exm/workspace/bugs/build/CMakeFiles/CMakeTmp'
/usr/bin/make -f CMakeFiles/cmTryCompileExec2428627845.dir/build.make CMakeFiles/cmTryCompileExec2428627845.dir/build
make[2]: Entering directory `/home/exm/workspace/bugs/build/CMakeFiles/CMakeTmp'
/usr/bin/cmake -E cmake_progress_report /home/exm/workspace/bugs/build/CMakeFiles/CMakeTmp/CMakeFiles 1
Building C object CMakeFiles/cmTryCompileExec2428627845.dir/CheckSymbolExists.c.o
/usr/bin/cc    -o CMakeFiles/cmTryCompileExec2428627845.dir/CheckSymbolExists.c.o   -c /home/exm/workspace/bugs/build/CMakeFiles/CMakeTmp/CheckSymbolExists.c
Linking C executable cmTryCompileExec2428627845
/usr/bin/cmake -E cmake_link_script CMakeFiles/cmTryCompileExec2428627845.dir/link.txt --verbose=1
/usr/bin/cc       CMakeFiles/cmTryCompileExec2428627845.dir/CheckSymbolExists.c.o  -o cmTryCompileExec2428627845 -rdynamic 
CMakeFiles/cmTryCompileExec2428627845.dir/CheckSymbolExists.c.o: In function `main':
CheckSymbolExists.c:(.text+0x16): undefined reference to `pthread_create'
collect2: error: ld returned 1 exit status
make[2]: Leaving directory `/home/exm/workspace/bugs/build/CMakeFiles/CMakeTmp'
make[2]: *** [cmTryCompileExec2428627845] Error 1
make[1]: Leaving directory `/home/exm/workspace/bugs/build/CMakeFiles/CMakeTmp'
make[1]: *** [cmTryCompileExec2428627845/fast] Error 2

File /home/exm/workspace/bugs/build/CMakeFiles/CMakeTmp/CheckSymbolExists.c:
/* */
#include <pthread.h>

int main(int argc, char** argv)
{
  (void)argv;
#ifndef pthread_create
  return ((int*)(&pthread_create))[argc];
#else
  (void)argc;
  return 0;
#endif
}

Determining if the function pthread_create exists in the pthreads failed with the following output:
Change Dir: /home/exm/workspace/bugs/build/CMakeFiles/CMakeTmp

Run Build Command:/usr/bin/make "cmTryCompileExec866891762/fast"
make[1]: Entering directory `/home/exm/workspace/bugs/build/CMakeFiles/CMakeTmp'
/usr/bin/make -f CMakeFiles/cmTryCompileExec866891762.dir/build.make CMakeFiles/cmTryCompileExec866891762.dir/build
make[2]: Entering directory `/home/exm/workspace/bugs/build/CMakeFiles/CMakeTmp'
/usr/bin/cmake -E cmake_progress_report /home/exm/workspace/bugs/build/CMakeFiles/CMakeTmp/CMakeFiles 1
Building C object CMakeFiles/cmTryCompileExec866891762.dir/CheckFunctionExists.c.o
/usr/bin/cc   -DCHECK_FUNCTION_EXISTS=pthread_create   -o CMakeFiles/cmTryCompileExec866891762.dir/CheckFunctionExists.c.o   -c /usr/share/cmake-2.8/Modules/CheckFunctionExists.c
Linking C executable cmTryCompileExec866891762
/usr/bin/cmake -E cmake_link_script CMakeFiles/cmTryCompileExec866891762.dir/link.txt --verbose=1
/usr/bin/cc   -DCHECK_FUNCTION_EXISTS=pthread_create    CMakeFiles/cmTryCompileExec866891762.dir/CheckFunctionExists.c.o  -o cmTryCompileExec866891762 -rdynamic -lpthreads 
/usr/bin/ld: cannot find -lpthreads
collect2: error: ld returned 1 exit status
make[2]: Leaving directory `/home/exm/workspace/bugs/build/CMakeFiles/CMakeTmp'
make[2]: *** [cmTryCompileExec866891762] Error 1
make[1]: Leaving directory `/home/exm/workspace/bugs/build/CMakeFiles/CMakeTmp'
make[1]: *** [cmTryCompileExec866891762/fast] Error 2


